# JRE version: OpenJDK Runtime Environment (8.0_212) (build 1.8.0_212-release-1586-b4-5784211)
# Java VM: OpenJDK 64-Bit Server VM (25.212-b4-5784211 mixed mode linux-amd64 compressed oops)
Heap:
 PSYoungGen      total 199168K, used 12789K [0x00000000e0000000, 0x00000000ecf00000, 0x0000000100000000)
  eden space 186368K, 0% used [0x00000000e0000000,0x00000000e0000000,0x00000000eb600000)
  from space 12800K, 99% used [0x00000000eb600000,0x00000000ec27d538,0x00000000ec280000)
  to   space 11264K, 0% used [0x00000000ec400000,0x00000000ec400000,0x00000000ecf00000)
 ParOldGen       total 38400K, used 21102K [0x00000000a0000000, 0x00000000a2580000, 0x00000000e0000000)
  object space 38400K, 54% used [0x00000000a0000000,0x00000000a149ba00,0x00000000a2580000)
 Metaspace       used 47626K, capacity 48850K, committed 48896K, reserved 1091584K
  class space    used 6314K, capacity 6626K, committed 6656K, reserved 1048576K
GC Heap History (10 events):
Event: 10,957 GC heap after
Heap after GC invocations=8 (full 0):
 PSYoungGen      total 131072K, used 6854K [0x00000000e0000000, 0x00000000e8a00000, 0x0000000100000000)
  eden space 120832K, 0% used [0x00000000e0000000,0x00000000e0000000,0x00000000e7600000)
  from space 10240K, 66% used [0x00000000e8000000,0x00000000e86b1a20,0x00000000e8a00000)
  to   space 10240K, 0% used [0x00000000e7600000,0x00000000e7600000,0x00000000e8000000)
 ParOldGen       total 40960K, used 9706K [0x00000000a0000000, 0x00000000a2800000, 0x00000000e0000000)
  object space 40960K, 23% used [0x00000000a0000000,0x00000000a097ab58,0x00000000a2800000)
 Metaspace       used 20619K, capacity 21146K, committed 21296K, reserved 1067008K
  class space    used 2988K, capacity 3138K, committed 3200K, reserved 1048576K
}
Event: 10,957 GC heap before
{Heap before GC invocations=9 (full 1):
 PSYoungGen      total 131072K, used 6854K [0x00000000e0000000, 0x00000000e8a00000, 0x0000000100000000)
  eden space 120832K, 0% used [0x00000000e0000000,0x00000000e0000000,0x00000000e7600000)
  from space 10240K, 66% used [0x00000000e8000000,0x00000000e86b1a20,0x00000000e8a00000)
  to   space 10240K, 0% used [0x00000000e7600000,0x00000000e7600000,0x00000000e8000000)
 ParOldGen       total 40960K, used 9706K [0x00000000a0000000, 0x00000000a2800000, 0x00000000e0000000)
  object space 40960K, 23% used [0x00000000a0000000,0x00000000a097ab58,0x00000000a2800000)
 Metaspace       used 20619K, capacity 21146K, committed 21296K, reserved 1067008K
  class space    used 2988K, capacity 3138K, committed 3200K, reserved 1048576K
Event: 11,110 GC heap after
Heap after GC invocations=9 (full 1):
 PSYoungGen      total 131072K, used 0K [0x00000000e0000000, 0x00000000e8a00000, 0x0000000100000000)
  eden space 120832K, 0% used [0x00000000e0000000,0x00000000e0000000,0x00000000e7600000)
  from space 10240K, 0% used [0x00000000e8000000,0x00000000e8000000,0x00000000e8a00000)
  to   space 10240K, 0% used [0x00000000e7600000,0x00000000e7600000,0x00000000e8000000)
 ParOldGen       total 33280K, used 12506K [0x00000000a0000000, 0x00000000a2080000, 0x00000000e0000000)
  object space 33280K, 37% used [0x00000000a0000000,0x00000000a0c369a0,0x00000000a2080000)
 Metaspace       used 20619K, capacity 21146K, committed 21296K, reserved 1067008K
  class space    used 2988K, capacity 3138K, committed 3200K, reserved 1048576K
}
Event: 16,368 GC heap before
{Heap before GC invocations=10 (full 1):
 PSYoungGen      total 131072K, used 120832K [0x00000000e0000000, 0x00000000e8a00000, 0x0000000100000000)
  eden space 120832K, 100% used [0x00000000e0000000,0x00000000e7600000,0x00000000e7600000)
  from space 10240K, 0% used [0x00000000e8000000,0x00000000e8000000,0x00000000e8a00000)
  to   space 10240K, 0% used [0x00000000e7600000,0x00000000e7600000,0x00000000e8000000)
 ParOldGen       total 33280K, used 12506K [0x00000000a0000000, 0x00000000a2080000, 0x00000000e0000000)
  object space 33280K, 37% used [0x00000000a0000000,0x00000000a0c369a0,0x00000000a2080000)
 Metaspace       used 32453K, capacity 33018K, committed 33280K, reserved 1077248K
  class space    used 4386K, capacity 4588K, committed 4608K, reserved 1048576K
Event: 16,433 GC heap after
Heap after GC invocations=10 (full 1):
 PSYoungGen      total 131072K, used 10223K [0x00000000e0000000, 0x00000000ed080000, 0x0000000100000000)
  eden space 120832K, 0% used [0x00000000e0000000,0x00000000e0000000,0x00000000e7600000)
  from space 10240K, 99% used [0x00000000e7600000,0x00000000e7ffbd40,0x00000000e8000000)
  to   space 12800K, 0% used [0x00000000ec400000,0x00000000ec400000,0x00000000ed080000)
 ParOldGen       total 33280K, used 15261K [0x00000000a0000000, 0x00000000a2080000, 0x00000000e0000000)
  object space 33280K, 45% used [0x00000000a0000000,0x00000000a0ee76e0,0x00000000a2080000)
 Metaspace       used 32453K, capacity 33018K, committed 33280K, reserved 1077248K
  class space    used 4386K, capacity 4588K, committed 4608K, reserved 1048576K
}
Event: 18,130 GC heap before
{Heap before GC invocations=11 (full 1):
 PSYoungGen      total 131072K, used 39827K [0x00000000e0000000, 0x00000000ed080000, 0x0000000100000000)
  eden space 120832K, 24% used [0x00000000e0000000,0x00000000e1ce9250,0x00000000e7600000)
  from space 10240K, 99% used [0x00000000e7600000,0x00000000e7ffbd40,0x00000000e8000000)
  to   space 12800K, 0% used [0x00000000ec400000,0x00000000ec400000,0x00000000ed080000)
 ParOldGen       total 33280K, used 15261K [0x00000000a0000000, 0x00000000a2080000, 0x00000000e0000000)
  object space 33280K, 45% used [0x00000000a0000000,0x00000000a0ee76e0,0x00000000a2080000)
 Metaspace       used 34473K, capacity 35242K, committed 35496K, reserved 1079296K
  class space    used 4540K, capacity 4748K, committed 4864K, reserved 1048576K
Event: 18,174 GC heap after
Heap after GC invocations=11 (full 1):
 PSYoungGen      total 197632K, used 7423K [0x00000000e0000000, 0x00000000ecf00000, 0x0000000100000000)
  eden space 186368K, 0% used [0x00000000e0000000,0x00000000e0000000,0x00000000eb600000)
  from space 11264K, 65% used [0x00000000ec400000,0x00000000ecb3fd28,0x00000000ecf00000)
  to   space 12800K, 0% used [0x00000000eb600000,0x00000000eb600000,0x00000000ec280000)
 ParOldGen       total 33280K, used 15269K [0x00000000a0000000, 0x00000000a2080000, 0x00000000e0000000)
  object space 33280K, 45% used [0x00000000a0000000,0x00000000a0ee96e0,0x00000000a2080000)
 Metaspace       used 34473K, capacity 35242K, committed 35496K, reserved 1079296K
  class space    used 4540K, capacity 4748K, committed 4864K, reserved 1048576K
}
Event: 18,174 GC heap before
{Heap before GC invocations=12 (full 2):
 PSYoungGen      total 197632K, used 7423K [0x00000000e0000000, 0x00000000ecf00000, 0x0000000100000000)
  eden space 186368K, 0% used [0x00000000e0000000,0x00000000e0000000,0x00000000eb600000)
  from space 11264K, 65% used [0x00000000ec400000,0x00000000ecb3fd28,0x00000000ecf00000)
  to   space 12800K, 0% used [0x00000000eb600000,0x00000000eb600000,0x00000000ec280000)
 ParOldGen       total 33280K, used 15269K [0x00000000a0000000, 0x00000000a2080000, 0x00000000e0000000)
  object space 33280K, 45% used [0x00000000a0000000,0x00000000a0ee96e0,0x00000000a2080000)
 Metaspace       used 34473K, capacity 35242K, committed 35496K, reserved 1079296K
  class space    used 4540K, capacity 4748K, committed 4864K, reserved 1048576K
Event: 18,373 GC heap after
Heap after GC invocations=12 (full 2):
 PSYoungGen      total 197632K, used 0K [0x00000000e0000000, 0x00000000ecf00000, 0x0000000100000000)
  eden space 186368K, 0% used [0x00000000e0000000,0x00000000e0000000,0x00000000eb600000)
  from space 11264K, 0% used [0x00000000ec400000,0x00000000ec400000,0x00000000ecf00000)
  to   space 12800K, 0% used [0x00000000eb600000,0x00000000eb600000,0x00000000ec280000)
 ParOldGen       total 38400K, used 14636K [0x00000000a0000000, 0x00000000a2580000, 0x00000000e0000000)
  object space 38400K, 38% used [0x00000000a0000000,0x00000000a0e4b188,0x00000000a2580000)
 Metaspace       used 34427K, capacity 35138K, committed 35496K, reserved 1079296K
  class space    used 4529K, capacity 4736K, committed 4864K, reserved 1048576K
}
Event: 26,244 GC heap before
{Heap before GC invocations=13 (full 2):
 PSYoungGen      total 197632K, used 186368K [0x00000000e0000000, 0x00000000ecf00000, 0x0000000100000000)
  eden space 186368K, 100% used [0x00000000e0000000,0x00000000eb600000,0x00000000eb600000)
  from space 11264K, 0% used [0x00000000ec400000,0x00000000ec400000,0x00000000ecf00000)
  to   space 12800K, 0% used [0x00000000eb600000,0x00000000eb600000,0x00000000ec280000)
 ParOldGen       total 38400K, used 14636K [0x00000000a0000000, 0x00000000a2580000, 0x00000000e0000000)
  object space 38400K, 38% used [0x00000000a0000000,0x00000000a0e4b188,0x00000000a2580000)
 Metaspace       used 47626K, capacity 48850K, committed 48896K, reserved 1091584K
  class space    used 6314K, capacity 6626K, committed 6656K, reserved 1048576K

